<?xml version="1.0" encoding="UTF-8"?>
<!-- Generated by org.testng.reporters.JUnitXMLReporter -->
<testsuite hostname="AJAMPANA-IN" ignored="0" name="Default test" tests="6" failures="0" timestamp="17 Sep 2020 10:52:51 GMT" time="0.041" errors="0">
  <testcase name="TC2" time="0.007" classname="com.tc.ActionEvents.TestNGExplnation"/>
  <testcase name="TC2" time="0.001" classname="com.tc.ActionEvents.TestNGExplnation"/>
  <testcase name="TC2" time="0.0" classname="com.tc.ActionEvents.TestNGExplnation"/>
  <testcase name="TC3" time="0.001" classname="com.tc.ActionEvents.TestNGExplnation"/>
  <testcase name="TC3" time="0.001" classname="com.tc.ActionEvents.TestNGExplnation"/>
  <testcase name="TC3" time="0.001" classname="com.tc.ActionEvents.TestNGExplnation"/>
</testsuite> <!-- Default test -->
