<?xml version="1.0" encoding="UTF-8"?>
<!-- Generated by org.testng.reporters.JUnitXMLReporter -->
<testsuite hostname="AJAMPANA-IN" ignored="1" name="Test" tests="3" failures="0" timestamp="17 Sep 2020 11:02:21 GMT" time="0.035" errors="0">
  <testcase name="Tc2" time="0.01" classname="com.tc.ActionEvents.TestNGExplnation"/>
  <testcase name="Tc3" time="0.0" classname="com.tc.ActionEvents.TestNGExplnation"/>
  <testcase name="Tc4" time="0.001" classname="com.tc.ActionEvents.TestNGExplnation"/>
  <testcase name="Tc1" time="0.0" classname="com.tc.ActionEvents.TestNGExplnation">
    <ignored/>
  </testcase> <!-- Tc1 -->
</testsuite> <!-- Test -->
