<?xml version="1.0" encoding="UTF-8"?>
<testng-results skipped="0" failed="0" ignored="1" total="4" passed="3">
  <reporter-output>
  </reporter-output>
  <suite name="Suite" duration-ms="35" started-at="2020-09-17T11:02:21Z" finished-at="2020-09-17T11:02:21Z">
    <groups>
      <group name="Reg">
        <method signature="TestNGExplnation.Tc3()[pri:0, instance:com.tc.ActionEvents.TestNGExplnation@8bd1b6a]" name="Tc3" class="com.tc.ActionEvents.TestNGExplnation"/>
      </group> <!-- Reg -->
      <group name="Smoke">
        <method signature="TestNGExplnation.Tc2()[pri:0, instance:com.tc.ActionEvents.TestNGExplnation@8bd1b6a]" name="Tc2" class="com.tc.ActionEvents.TestNGExplnation"/>
        <method signature="TestNGExplnation.Tc3()[pri:0, instance:com.tc.ActionEvents.TestNGExplnation@8bd1b6a]" name="Tc3" class="com.tc.ActionEvents.TestNGExplnation"/>
        <method signature="TestNGExplnation.Tc4()[pri:0, instance:com.tc.ActionEvents.TestNGExplnation@8bd1b6a]" name="Tc4" class="com.tc.ActionEvents.TestNGExplnation"/>
      </group> <!-- Smoke -->
    </groups>
    <test name="Test" duration-ms="35" started-at="2020-09-17T11:02:21Z" finished-at="2020-09-17T11:02:21Z">
      <class name="com.tc.ActionEvents.TestNGExplnation">
        <test-method status="PASS" signature="Tc2()[pri:0, instance:com.tc.ActionEvents.TestNGExplnation@8bd1b6a]" name="Tc2" duration-ms="10" started-at="2020-09-17T11:02:21Z" finished-at="2020-09-17T11:02:21Z">
          <reporter-output>
          </reporter-output>
        </test-method> <!-- Tc2 -->
        <test-method status="PASS" signature="Tc3()[pri:0, instance:com.tc.ActionEvents.TestNGExplnation@8bd1b6a]" name="Tc3" duration-ms="0" started-at="2020-09-17T11:02:21Z" finished-at="2020-09-17T11:02:21Z">
          <reporter-output>
          </reporter-output>
        </test-method> <!-- Tc3 -->
        <test-method status="PASS" signature="Tc4()[pri:0, instance:com.tc.ActionEvents.TestNGExplnation@8bd1b6a]" name="Tc4" duration-ms="1" started-at="2020-09-17T11:02:21Z" finished-at="2020-09-17T11:02:21Z">
          <reporter-output>
          </reporter-output>
        </test-method> <!-- Tc4 -->
      </class> <!-- com.tc.ActionEvents.TestNGExplnation -->
    </test> <!-- Test -->
  </suite> <!-- Suite -->
</testng-results>
